10:03:12  [main] 	Initializing Control Panel
10:03:12  [main] 	Windows Version:  Home  64-bit
10:03:12  [main] 	XAMPP Version: 7.2.34
10:03:12  [main] 	Control Panel Version: 3.2.4  [ Compiled: Jun 5th 2019 ]
10:03:12  [main] 	You are not running with administrator rights! This will work for
10:03:12  [main] 	most application stuff but whenever you do something with services
10:03:12  [main] 	there will be a security dialogue or things will break! So think 
10:03:12  [main] 	about running this application with administrator rights!
10:03:12  [main] 	XAMPP Installation Directory: "c:\xampp\"
10:03:12  [main] 	Checking for prerequisites
10:03:15  [main] 	All prerequisites found
10:03:15  [main] 	Initializing Modules
10:03:15  [main] 	Starting Check-Timer
10:03:15  [main] 	Control Panel Ready
10:03:17  [Apache] 	Attempting to start Apache app...
10:03:17  [Apache] 	Status change detected: running
10:03:18  [mysql] 	Attempting to start MySQL app...
10:03:19  [mysql] 	Status change detected: running
10:06:42  [Apache] 	Attempting to stop Apache (PID: 3700)
10:06:42  [Apache] 	Attempting to stop Apache (PID: 4544)
10:06:43  [Apache] 	Status change detected: stopped
10:06:44  [mysql] 	Attempting to stop MySQL app...
10:06:44  [mysql] 	Status change detected: stopped
10:06:53  [main] 	Deinitializing Modules
10:06:53  [main] 	Deinitializing Control Panel

10:03:06  [main] 	Initializing Control Panel
10:03:06  [main] 	Windows Version:  Home  64-bit
10:03:06  [main] 	XAMPP Version: 7.2.34
10:03:06  [main] 	Control Panel Version: 3.2.4  [ Compiled: Jun 5th 2019 ]
10:03:06  [main] 	You are not running with administrator rights! This will work for
10:03:06  [main] 	most application stuff but whenever you do something with services
10:03:06  [main] 	there will be a security dialogue or things will break! So think 
10:03:06  [main] 	about running this application with administrator rights!
10:03:06  [main] 	XAMPP Installation Directory: "c:\xampp\"
10:03:06  [main] 	Checking for prerequisites
10:03:15  [main] 	All prerequisites found
10:03:15  [main] 	Initializing Modules
10:03:15  [main] 	Starting Check-Timer
10:03:15  [main] 	Control Panel Ready
10:03:17  [Apache] 	Status change detected: running
10:03:19  [mysql] 	Status change detected: running
10:06:43  [Apache] 	Status change detected: stopped
10:06:43  [Apache] 	Error: Apache shutdown unexpectedly.
10:06:43  [Apache] 	This may be due to a blocked port, missing dependencies, 
10:06:43  [Apache] 	improper privileges, a crash, or a shutdown by another method.
10:06:43  [Apache] 	Press the Logs button to view error logs and check
10:06:43  [Apache] 	the Windows Event Viewer for more clues
10:06:43  [Apache] 	If you need more help, copy and post this
10:06:43  [Apache] 	entire log window on the forums
10:06:44  [mysql] 	Status change detected: stopped
10:06:44  [mysql] 	Error: MySQL shutdown unexpectedly.
10:06:44  [mysql] 	This may be due to a blocked port, missing dependencies, 
10:06:44  [mysql] 	improper privileges, a crash, or a shutdown by another method.
10:06:44  [mysql] 	Press the Logs button to view error logs and check
10:06:44  [mysql] 	the Windows Event Viewer for more clues
10:06:44  [mysql] 	If you need more help, copy and post this
10:06:44  [mysql] 	entire log window on the forums
10:06:53  [main] 	Deinitializing Modules
10:06:53  [main] 	Deinitializing Control Panel

19:09:02  [main] 	Initializing Control Panel
19:09:02  [main] 	Windows Version:  Home  64-bit
19:09:02  [main] 	XAMPP Version: 7.2.34
19:09:02  [main] 	Control Panel Version: 3.2.4  [ Compiled: Jun 5th 2019 ]
19:09:02  [main] 	You are not running with administrator rights! This will work for
19:09:02  [main] 	most application stuff but whenever you do something with services
19:09:02  [main] 	there will be a security dialogue or things will break! So think 
19:09:02  [main] 	about running this application with administrator rights!
19:09:02  [main] 	XAMPP Installation Directory: "c:\xampp\"
19:09:02  [main] 	Checking for prerequisites
19:09:08  [main] 	All prerequisites found
19:09:08  [main] 	Initializing Modules
19:09:08  [main] 	Starting Check-Timer
19:09:08  [main] 	Control Panel Ready
19:09:12  [Apache] 	Attempting to start Apache app...
19:09:13  [Apache] 	Status change detected: running
19:09:13  [mysql] 	Attempting to start MySQL app...
19:09:13  [mysql] 	Status change detected: running
02:29:38  [main] 	Deinitializing Modules
02:29:38  [main] 	Deinitializing Control Panel

00:25:24  [main] 	Initializing Control Panel
00:25:24  [main] 	Windows Version:  Home  64-bit
00:25:24  [main] 	XAMPP Version: 7.2.34
00:25:24  [main] 	Control Panel Version: 3.2.4  [ Compiled: Jun 5th 2019 ]
00:25:25  [main] 	You are not running with administrator rights! This will work for
00:25:25  [main] 	most application stuff but whenever you do something with services
00:25:25  [main] 	there will be a security dialogue or things will break! So think 
00:25:25  [main] 	about running this application with administrator rights!
00:25:25  [main] 	XAMPP Installation Directory: "c:\xampp\"
00:25:25  [main] 	Checking for prerequisites
00:25:28  [main] 	All prerequisites found
00:25:28  [main] 	Initializing Modules
00:25:28  [main] 	Starting Check-Timer
00:25:28  [main] 	Control Panel Ready
00:25:30  [Apache] 	Attempting to start Apache app...
00:25:30  [Apache] 	Status change detected: running
00:25:30  [mysql] 	Attempting to start MySQL app...
00:25:31  [mysql] 	Status change detected: running
06:43:33  [main] 	Deinitializing Modules
06:43:33  [main] 	Deinitializing Control Panel

15:55:39  [main] 	Initializing Control Panel
15:55:39  [main] 	Windows Version:  Home  64-bit
15:55:39  [main] 	XAMPP Version: 7.2.34
15:55:39  [main] 	Control Panel Version: 3.2.4  [ Compiled: Jun 5th 2019 ]
15:55:39  [main] 	You are not running with administrator rights! This will work for
15:55:39  [main] 	most application stuff but whenever you do something with services
15:55:39  [main] 	there will be a security dialogue or things will break! So think 
15:55:39  [main] 	about running this application with administrator rights!
15:55:39  [main] 	XAMPP Installation Directory: "c:\xampp\"
15:55:39  [main] 	Checking for prerequisites
15:55:51  [main] 	All prerequisites found
15:55:51  [main] 	Initializing Modules
15:55:51  [main] 	Starting Check-Timer
15:55:51  [main] 	Control Panel Ready
15:58:05  [Apache] 	Attempting to start Apache app...
15:58:06  [Apache] 	Status change detected: running
15:58:06  [mysql] 	Attempting to start MySQL app...
15:58:06  [mysql] 	Status change detected: running
03:43:50  [main] 	Deinitializing Modules
03:43:50  [main] 	Deinitializing Control Panel

11:51:42  [main] 	Initializing Control Panel
11:51:42  [main] 	Windows Version:  Home  64-bit
11:51:42  [main] 	XAMPP Version: 7.2.34
11:51:42  [main] 	Control Panel Version: 3.2.4  [ Compiled: Jun 5th 2019 ]
11:51:42  [main] 	You are not running with administrator rights! This will work for
11:51:42  [main] 	most application stuff but whenever you do something with services
11:51:42  [main] 	there will be a security dialogue or things will break! So think 
11:51:42  [main] 	about running this application with administrator rights!
11:51:42  [main] 	XAMPP Installation Directory: "c:\xampp\"
11:51:42  [main] 	Checking for prerequisites
11:51:47  [main] 	All prerequisites found
11:51:47  [main] 	Initializing Modules
11:51:47  [Apache] 	Problem detected!
11:51:47  [Apache] 	Port 80 in use by "C:\laragon\bin\apache\httpd-2.4.35-win64-VC15\bin\httpd.exe" with PID 7456!
11:51:47  [Apache] 	Apache WILL NOT start without the configured ports free!
11:51:47  [Apache] 	You need to uninstall/disable/reconfigure the blocking application
11:51:47  [Apache] 	or reconfigure Apache and the Control Panel to listen on a different port
11:51:47  [Apache] 	Problem detected!
11:51:47  [Apache] 	Port 443 in use by "C:\laragon\bin\apache\httpd-2.4.35-win64-VC15\bin\httpd.exe" with PID 7456!
11:51:47  [Apache] 	Apache WILL NOT start without the configured ports free!
11:51:47  [Apache] 	You need to uninstall/disable/reconfigure the blocking application
11:51:47  [Apache] 	or reconfigure Apache and the Control Panel to listen on a different port
11:51:47  [mysql] 	Problem detected!
11:51:47  [mysql] 	Port 3306 in use by "C:\laragon\bin\mysql\mysql-5.7.24-winx64\bin\mysqld.exe"!
11:51:47  [mysql] 	MySQL WILL NOT start without the configured ports free!
11:51:47  [mysql] 	You need to uninstall/disable/reconfigure the blocking application
11:51:47  [mysql] 	or reconfigure MySQL and the Control Panel to listen on a different port
11:51:47  [Tomcat] 	Problem detected!
11:51:47  [Tomcat] 	Port 8080 in use by "C:\laragon\bin\nginx\nginx-1.16.0\nginx.exe"!
11:51:47  [Tomcat] 	Tomcat WILL NOT start without the configured ports free!
11:51:47  [Tomcat] 	You need to uninstall/disable/reconfigure the blocking application
11:51:47  [Tomcat] 	or reconfigure Tomcat and the Control Panel to listen on a different port
11:51:47  [main] 	Starting Check-Timer
11:51:47  [main] 	Control Panel Ready
15:37:38  [main] 	Deinitializing Modules
15:37:38  [main] 	Deinitializing Control Panel

