[Mon Nov 30 10:02:31.136645 2020] [ssl:warn] [pid 3024:tid 632] AH01909: www.example.com:443:0 server certificate does NOT include an ID which matches the server name
[Mon Nov 30 10:02:31.206519 2020] [ssl:warn] [pid 3024:tid 632] AH01909: www.example.com:443:0 server certificate does NOT include an ID which matches the server name
[Mon Nov 30 10:02:31.261816 2020] [mpm_winnt:notice] [pid 3024:tid 632] AH00455: Apache/2.4.46 (Win64) OpenSSL/1.1.1g PHP/7.2.34 configured -- resuming normal operations
[Mon Nov 30 10:02:31.261816 2020] [mpm_winnt:notice] [pid 3024:tid 632] AH00456: Apache Lounge VC15 Server built: Aug  4 2020 11:50:23
[Mon Nov 30 10:02:31.261816 2020] [core:notice] [pid 3024:tid 632] AH00094: Command line: 'C:\\xampp\\apache\\bin\\httpd.exe -d C:/xampp/apache'
[Mon Nov 30 10:02:31.266961 2020] [mpm_winnt:notice] [pid 3024:tid 632] AH00418: Parent: Created child process 4792
[Mon Nov 30 10:02:31.855172 2020] [ssl:warn] [pid 4792:tid 632] AH01909: www.example.com:443:0 server certificate does NOT include an ID which matches the server name
[Mon Nov 30 10:02:31.906554 2020] [ssl:warn] [pid 4792:tid 632] AH01909: www.example.com:443:0 server certificate does NOT include an ID which matches the server name
[Mon Nov 30 10:02:31.944713 2020] [mpm_winnt:notice] [pid 4792:tid 632] AH00354: Child: Starting 150 worker threads.
[Mon Nov 30 10:03:18.210574 2020] [ssl:warn] [pid 3700:tid 612] AH01909: www.example.com:443:0 server certificate does NOT include an ID which matches the server name
[Mon Nov 30 10:03:18.380395 2020] [ssl:warn] [pid 3700:tid 612] AH01909: www.example.com:443:0 server certificate does NOT include an ID which matches the server name
[Mon Nov 30 10:03:18.427351 2020] [mpm_winnt:notice] [pid 3700:tid 612] AH00455: Apache/2.4.46 (Win64) OpenSSL/1.1.1g PHP/7.2.34 configured -- resuming normal operations
[Mon Nov 30 10:03:18.427351 2020] [mpm_winnt:notice] [pid 3700:tid 612] AH00456: Apache Lounge VC15 Server built: Aug  4 2020 11:50:23
[Mon Nov 30 10:03:18.427351 2020] [core:notice] [pid 3700:tid 612] AH00094: Command line: 'c:\\xampp\\apache\\bin\\httpd.exe -d C:/xampp/apache'
[Mon Nov 30 10:03:18.430057 2020] [mpm_winnt:notice] [pid 3700:tid 612] AH00418: Parent: Created child process 4544
[Mon Nov 30 10:03:18.935435 2020] [ssl:warn] [pid 4544:tid 636] AH01909: www.example.com:443:0 server certificate does NOT include an ID which matches the server name
[Mon Nov 30 10:03:18.982944 2020] [ssl:warn] [pid 4544:tid 636] AH01909: www.example.com:443:0 server certificate does NOT include an ID which matches the server name
[Mon Nov 30 10:03:19.019342 2020] [mpm_winnt:notice] [pid 4544:tid 636] AH00354: Child: Starting 150 worker threads.
[Tue Dec 15 19:09:14.957101 2020] [ssl:warn] [pid 12580:tid 608] AH01909: www.example.com:443:0 server certificate does NOT include an ID which matches the server name
[Tue Dec 15 19:09:15.044867 2020] [core:warn] [pid 12580:tid 608] AH00098: pid file C:/xampp/apache/logs/httpd.pid overwritten -- Unclean shutdown of previous Apache run?
[Tue Dec 15 19:09:15.056836 2020] [ssl:warn] [pid 12580:tid 608] AH01909: www.example.com:443:0 server certificate does NOT include an ID which matches the server name
[Tue Dec 15 19:09:15.274253 2020] [mpm_winnt:notice] [pid 12580:tid 608] AH00455: Apache/2.4.46 (Win64) OpenSSL/1.1.1g PHP/7.2.34 configured -- resuming normal operations
[Tue Dec 15 19:09:15.274253 2020] [mpm_winnt:notice] [pid 12580:tid 608] AH00456: Apache Lounge VC15 Server built: Aug  4 2020 11:50:23
[Tue Dec 15 19:09:15.274253 2020] [core:notice] [pid 12580:tid 608] AH00094: Command line: 'c:\\xampp\\apache\\bin\\httpd.exe -d C:/xampp/apache'
[Tue Dec 15 19:09:15.278243 2020] [mpm_winnt:notice] [pid 12580:tid 608] AH00418: Parent: Created child process 10500
[Tue Dec 15 19:09:15.936973 2020] [ssl:warn] [pid 10500:tid 668] AH01909: www.example.com:443:0 server certificate does NOT include an ID which matches the server name
[Tue Dec 15 19:09:16.017753 2020] [ssl:warn] [pid 10500:tid 668] AH01909: www.example.com:443:0 server certificate does NOT include an ID which matches the server name
[Tue Dec 15 19:09:16.066802 2020] [mpm_winnt:notice] [pid 10500:tid 668] AH00354: Child: Starting 150 worker threads.
[Wed Dec 16 16:44:20.877373 2020] [ssl:warn] [pid 1220:tid 628] AH01909: www.example.com:443:0 server certificate does NOT include an ID which matches the server name
[Wed Dec 16 16:44:20.971101 2020] [core:warn] [pid 1220:tid 628] AH00098: pid file C:/xampp/apache/logs/httpd.pid overwritten -- Unclean shutdown of previous Apache run?
[Wed Dec 16 16:44:20.986723 2020] [ssl:warn] [pid 1220:tid 628] AH01909: www.example.com:443:0 server certificate does NOT include an ID which matches the server name
[Wed Dec 16 16:44:21.330439 2020] [mpm_winnt:notice] [pid 1220:tid 628] AH00455: Apache/2.4.46 (Win64) OpenSSL/1.1.1g PHP/7.2.34 configured -- resuming normal operations
[Wed Dec 16 16:44:21.330439 2020] [mpm_winnt:notice] [pid 1220:tid 628] AH00456: Apache Lounge VC15 Server built: Aug  4 2020 11:50:23
[Wed Dec 16 16:44:21.330439 2020] [core:notice] [pid 1220:tid 628] AH00094: Command line: 'c:\\xampp\\apache\\bin\\httpd.exe -d C:/xampp/apache'
[Wed Dec 16 16:44:21.346014 2020] [mpm_winnt:notice] [pid 1220:tid 628] AH00418: Parent: Created child process 8396
[Wed Dec 16 16:44:21.924128 2020] [ssl:warn] [pid 8396:tid 628] AH01909: www.example.com:443:0 server certificate does NOT include an ID which matches the server name
[Wed Dec 16 16:44:22.002143 2020] [ssl:warn] [pid 8396:tid 628] AH01909: www.example.com:443:0 server certificate does NOT include an ID which matches the server name
[Wed Dec 16 16:44:22.033396 2020] [mpm_winnt:notice] [pid 8396:tid 628] AH00354: Child: Starting 150 worker threads.
[Thu Dec 17 13:59:28.407741 2020] [ssl:warn] [pid 16312:tid 620] AH01909: www.example.com:443:0 server certificate does NOT include an ID which matches the server name
[Thu Dec 17 13:59:28.487913 2020] [core:warn] [pid 16312:tid 620] AH00098: pid file C:/xampp/apache/logs/httpd.pid overwritten -- Unclean shutdown of previous Apache run?
[Thu Dec 17 13:59:28.496020 2020] [ssl:warn] [pid 16312:tid 620] AH01909: www.example.com:443:0 server certificate does NOT include an ID which matches the server name
[Thu Dec 17 13:59:28.567541 2020] [mpm_winnt:notice] [pid 16312:tid 620] AH00455: Apache/2.4.46 (Win64) OpenSSL/1.1.1g PHP/7.2.34 configured -- resuming normal operations
[Thu Dec 17 13:59:28.567541 2020] [mpm_winnt:notice] [pid 16312:tid 620] AH00456: Apache Lounge VC15 Server built: Aug  4 2020 11:50:23
[Thu Dec 17 13:59:28.567541 2020] [core:notice] [pid 16312:tid 620] AH00094: Command line: 'c:\\xampp\\apache\\bin\\httpd.exe -d C:/xampp/apache'
[Thu Dec 17 13:59:28.572974 2020] [mpm_winnt:notice] [pid 16312:tid 620] AH00418: Parent: Created child process 6448
[Thu Dec 17 13:59:29.419536 2020] [ssl:warn] [pid 6448:tid 584] AH01909: www.example.com:443:0 server certificate does NOT include an ID which matches the server name
[Thu Dec 17 13:59:29.518892 2020] [ssl:warn] [pid 6448:tid 584] AH01909: www.example.com:443:0 server certificate does NOT include an ID which matches the server name
[Thu Dec 17 13:59:29.610776 2020] [mpm_winnt:notice] [pid 6448:tid 584] AH00354: Child: Starting 150 worker threads.
[Fri Dec 18 00:25:33.622991 2020] [ssl:warn] [pid 11580:tid 588] AH01909: www.example.com:443:0 server certificate does NOT include an ID which matches the server name
[Fri Dec 18 00:25:33.822457 2020] [core:warn] [pid 11580:tid 588] AH00098: pid file C:/xampp/apache/logs/httpd.pid overwritten -- Unclean shutdown of previous Apache run?
[Fri Dec 18 00:25:33.835422 2020] [ssl:warn] [pid 11580:tid 588] AH01909: www.example.com:443:0 server certificate does NOT include an ID which matches the server name
[Fri Dec 18 00:25:34.574446 2020] [mpm_winnt:notice] [pid 11580:tid 588] AH00455: Apache/2.4.46 (Win64) OpenSSL/1.1.1g PHP/7.2.34 configured -- resuming normal operations
[Fri Dec 18 00:25:34.574446 2020] [mpm_winnt:notice] [pid 11580:tid 588] AH00456: Apache Lounge VC15 Server built: Aug  4 2020 11:50:23
[Fri Dec 18 00:25:34.574446 2020] [core:notice] [pid 11580:tid 588] AH00094: Command line: 'c:\\xampp\\apache\\bin\\httpd.exe -d C:/xampp/apache'
[Fri Dec 18 00:25:34.580430 2020] [mpm_winnt:notice] [pid 11580:tid 588] AH00418: Parent: Created child process 2420
[Fri Dec 18 00:25:35.880294 2020] [ssl:warn] [pid 2420:tid 648] AH01909: www.example.com:443:0 server certificate does NOT include an ID which matches the server name
[Fri Dec 18 00:25:35.982022 2020] [ssl:warn] [pid 2420:tid 648] AH01909: www.example.com:443:0 server certificate does NOT include an ID which matches the server name
[Fri Dec 18 00:25:36.049840 2020] [mpm_winnt:notice] [pid 2420:tid 648] AH00354: Child: Starting 150 worker threads.
[Fri Dec 18 12:25:48.307379 2020] [ssl:warn] [pid 12076:tid 616] AH01909: www.example.com:443:0 server certificate does NOT include an ID which matches the server name
[Fri Dec 18 12:25:48.384233 2020] [core:warn] [pid 12076:tid 616] AH00098: pid file C:/xampp/apache/logs/httpd.pid overwritten -- Unclean shutdown of previous Apache run?
[Fri Dec 18 12:25:48.394207 2020] [ssl:warn] [pid 12076:tid 616] AH01909: www.example.com:443:0 server certificate does NOT include an ID which matches the server name
[Fri Dec 18 12:25:48.575193 2020] [mpm_winnt:notice] [pid 12076:tid 616] AH00455: Apache/2.4.46 (Win64) OpenSSL/1.1.1g PHP/7.2.34 configured -- resuming normal operations
[Fri Dec 18 12:25:48.575193 2020] [mpm_winnt:notice] [pid 12076:tid 616] AH00456: Apache Lounge VC15 Server built: Aug  4 2020 11:50:23
[Fri Dec 18 12:25:48.575193 2020] [core:notice] [pid 12076:tid 616] AH00094: Command line: 'c:\\xampp\\apache\\bin\\httpd.exe -d C:/xampp/apache'
[Fri Dec 18 12:25:48.581177 2020] [mpm_winnt:notice] [pid 12076:tid 616] AH00418: Parent: Created child process 3816
[Fri Dec 18 12:25:49.209686 2020] [ssl:warn] [pid 3816:tid 160] AH01909: www.example.com:443:0 server certificate does NOT include an ID which matches the server name
[Fri Dec 18 12:25:49.283519 2020] [ssl:warn] [pid 3816:tid 160] AH01909: www.example.com:443:0 server certificate does NOT include an ID which matches the server name
[Fri Dec 18 12:25:49.326460 2020] [mpm_winnt:notice] [pid 3816:tid 160] AH00354: Child: Starting 150 worker threads.
[Sat Dec 19 13:37:13.833603 2020] [ssl:warn] [pid 10088:tid 616] AH01909: www.example.com:443:0 server certificate does NOT include an ID which matches the server name
[Sat Dec 19 13:37:13.942315 2020] [core:warn] [pid 10088:tid 616] AH00098: pid file C:/xampp/apache/logs/httpd.pid overwritten -- Unclean shutdown of previous Apache run?
[Sat Dec 19 13:37:13.954282 2020] [ssl:warn] [pid 10088:tid 616] AH01909: www.example.com:443:0 server certificate does NOT include an ID which matches the server name
[Sat Dec 19 13:37:15.023206 2020] [mpm_winnt:notice] [pid 10088:tid 616] AH00455: Apache/2.4.46 (Win64) OpenSSL/1.1.1g PHP/7.2.34 configured -- resuming normal operations
[Sat Dec 19 13:37:15.024204 2020] [mpm_winnt:notice] [pid 10088:tid 616] AH00456: Apache Lounge VC15 Server built: Aug  4 2020 11:50:23
[Sat Dec 19 13:37:15.024204 2020] [core:notice] [pid 10088:tid 616] AH00094: Command line: 'c:\\xampp\\apache\\bin\\httpd.exe -d C:/xampp/apache'
[Sat Dec 19 13:37:15.028194 2020] [mpm_winnt:notice] [pid 10088:tid 616] AH00418: Parent: Created child process 7352
[Sat Dec 19 13:37:15.655889 2020] [ssl:warn] [pid 7352:tid 644] AH01909: www.example.com:443:0 server certificate does NOT include an ID which matches the server name
[Sat Dec 19 13:37:15.735674 2020] [ssl:warn] [pid 7352:tid 644] AH01909: www.example.com:443:0 server certificate does NOT include an ID which matches the server name
[Sat Dec 19 13:37:15.776566 2020] [mpm_winnt:notice] [pid 7352:tid 644] AH00354: Child: Starting 150 worker threads.
[Wed Dec 23 16:32:37.472056 2020] [ssl:warn] [pid 16012:tid 580] AH01909: www.example.com:443:0 server certificate does NOT include an ID which matches the server name
[Wed Dec 23 16:32:37.565783 2020] [core:warn] [pid 16012:tid 580] AH00098: pid file C:/xampp/apache/logs/httpd.pid overwritten -- Unclean shutdown of previous Apache run?
[Wed Dec 23 16:32:37.581404 2020] [ssl:warn] [pid 16012:tid 580] AH01909: www.example.com:443:0 server certificate does NOT include an ID which matches the server name
[Wed Dec 23 16:32:38.071574 2020] [mpm_winnt:notice] [pid 16012:tid 580] AH00455: Apache/2.4.46 (Win64) OpenSSL/1.1.1g PHP/7.2.34 configured -- resuming normal operations
[Wed Dec 23 16:32:38.071574 2020] [mpm_winnt:notice] [pid 16012:tid 580] AH00456: Apache Lounge VC15 Server built: Aug  4 2020 11:50:23
[Wed Dec 23 16:32:38.071574 2020] [core:notice] [pid 16012:tid 580] AH00094: Command line: 'c:\\xampp\\apache\\bin\\httpd.exe -d C:/xampp/apache'
[Wed Dec 23 16:32:38.074565 2020] [mpm_winnt:notice] [pid 16012:tid 580] AH00418: Parent: Created child process 11032
[Wed Dec 23 16:32:38.678298 2020] [ssl:warn] [pid 11032:tid 564] AH01909: www.example.com:443:0 server certificate does NOT include an ID which matches the server name
[Wed Dec 23 16:32:38.756439 2020] [ssl:warn] [pid 11032:tid 564] AH01909: www.example.com:443:0 server certificate does NOT include an ID which matches the server name
[Wed Dec 23 16:32:38.803272 2020] [mpm_winnt:notice] [pid 11032:tid 564] AH00354: Child: Starting 150 worker threads.
[Thu Dec 24 16:49:20.598162 2020] [ssl:warn] [pid 8144:tid 664] AH01909: www.example.com:443:0 server certificate does NOT include an ID which matches the server name
[Thu Dec 24 16:49:20.699520 2020] [core:warn] [pid 8144:tid 664] AH00098: pid file C:/xampp/apache/logs/httpd.pid overwritten -- Unclean shutdown of previous Apache run?
[Thu Dec 24 16:49:20.705507 2020] [ssl:warn] [pid 8144:tid 664] AH01909: www.example.com:443:0 server certificate does NOT include an ID which matches the server name
[Thu Dec 24 16:49:21.219565 2020] [mpm_winnt:notice] [pid 8144:tid 664] AH00455: Apache/2.4.46 (Win64) OpenSSL/1.1.1g PHP/7.2.34 configured -- resuming normal operations
[Thu Dec 24 16:49:21.219565 2020] [mpm_winnt:notice] [pid 8144:tid 664] AH00456: Apache Lounge VC15 Server built: Aug  4 2020 11:50:23
[Thu Dec 24 16:49:21.219565 2020] [core:notice] [pid 8144:tid 664] AH00094: Command line: 'c:\\xampp\\apache\\bin\\httpd.exe -d C:/xampp/apache'
[Thu Dec 24 16:49:21.224496 2020] [mpm_winnt:notice] [pid 8144:tid 664] AH00418: Parent: Created child process 8448
[Thu Dec 24 16:49:22.194993 2020] [ssl:warn] [pid 8448:tid 624] AH01909: www.example.com:443:0 server certificate does NOT include an ID which matches the server name
[Thu Dec 24 16:49:22.298338 2020] [ssl:warn] [pid 8448:tid 624] AH01909: www.example.com:443:0 server certificate does NOT include an ID which matches the server name
[Thu Dec 24 16:49:22.366988 2020] [mpm_winnt:notice] [pid 8448:tid 624] AH00354: Child: Starting 150 worker threads.
[Fri Dec 25 22:39:21.477289 2020] [ssl:warn] [pid 16492:tid 568] AH01909: www.example.com:443:0 server certificate does NOT include an ID which matches the server name
[Fri Dec 25 22:39:21.557876 2020] [core:warn] [pid 16492:tid 568] AH00098: pid file C:/xampp/apache/logs/httpd.pid overwritten -- Unclean shutdown of previous Apache run?
[Fri Dec 25 22:39:21.565839 2020] [ssl:warn] [pid 16492:tid 568] AH01909: www.example.com:443:0 server certificate does NOT include an ID which matches the server name
[Fri Dec 25 22:39:22.030888 2020] [mpm_winnt:notice] [pid 16492:tid 568] AH00455: Apache/2.4.46 (Win64) OpenSSL/1.1.1g PHP/7.2.34 configured -- resuming normal operations
[Fri Dec 25 22:39:22.030888 2020] [mpm_winnt:notice] [pid 16492:tid 568] AH00456: Apache Lounge VC15 Server built: Aug  4 2020 11:50:23
[Fri Dec 25 22:39:22.030888 2020] [core:notice] [pid 16492:tid 568] AH00094: Command line: 'c:\\xampp\\apache\\bin\\httpd.exe -d C:/xampp/apache'
[Fri Dec 25 22:39:22.033883 2020] [mpm_winnt:notice] [pid 16492:tid 568] AH00418: Parent: Created child process 5972
[Fri Dec 25 22:39:22.668497 2020] [ssl:warn] [pid 5972:tid 632] AH01909: www.example.com:443:0 server certificate does NOT include an ID which matches the server name
[Fri Dec 25 22:39:22.745301 2020] [ssl:warn] [pid 5972:tid 632] AH01909: www.example.com:443:0 server certificate does NOT include an ID which matches the server name
[Fri Dec 25 22:39:22.786190 2020] [mpm_winnt:notice] [pid 5972:tid 632] AH00354: Child: Starting 150 worker threads.
[Sat Dec 26 01:05:04.837334 2020] [ssl:warn] [pid 5940:tid 660] AH01909: www.example.com:443:0 server certificate does NOT include an ID which matches the server name
[Sat Dec 26 01:05:05.083669 2020] [core:warn] [pid 5940:tid 660] AH00098: pid file C:/xampp/apache/logs/httpd.pid overwritten -- Unclean shutdown of previous Apache run?
[Sat Dec 26 01:05:05.132545 2020] [ssl:warn] [pid 5940:tid 660] AH01909: www.example.com:443:0 server certificate does NOT include an ID which matches the server name
[Sat Dec 26 01:05:05.487590 2020] [mpm_winnt:notice] [pid 5940:tid 660] AH00455: Apache/2.4.46 (Win64) OpenSSL/1.1.1g PHP/7.2.34 configured -- resuming normal operations
[Sat Dec 26 01:05:05.487590 2020] [mpm_winnt:notice] [pid 5940:tid 660] AH00456: Apache Lounge VC15 Server built: Aug  4 2020 11:50:23
[Sat Dec 26 01:05:05.487590 2020] [core:notice] [pid 5940:tid 660] AH00094: Command line: 'c:\\xampp\\apache\\bin\\httpd.exe -d C:/xampp/apache'
[Sat Dec 26 01:05:05.493573 2020] [mpm_winnt:notice] [pid 5940:tid 660] AH00418: Parent: Created child process 14352
[Sat Dec 26 01:05:07.201234 2020] [ssl:warn] [pid 14352:tid 664] AH01909: www.example.com:443:0 server certificate does NOT include an ID which matches the server name
[Sat Dec 26 01:05:07.335038 2020] [ssl:warn] [pid 14352:tid 664] AH01909: www.example.com:443:0 server certificate does NOT include an ID which matches the server name
[Sat Dec 26 01:05:07.424310 2020] [mpm_winnt:notice] [pid 14352:tid 664] AH00354: Child: Starting 150 worker threads.
[Mon Dec 28 20:02:18.020504 2020] [ssl:warn] [pid 5300:tid 684] AH01909: www.example.com:443:0 server certificate does NOT include an ID which matches the server name
[Mon Dec 28 20:02:18.139203 2020] [core:warn] [pid 5300:tid 684] AH00098: pid file C:/xampp/apache/logs/httpd.pid overwritten -- Unclean shutdown of previous Apache run?
[Mon Dec 28 20:02:18.150874 2020] [ssl:warn] [pid 5300:tid 684] AH01909: www.example.com:443:0 server certificate does NOT include an ID which matches the server name
[Mon Dec 28 20:02:18.863761 2020] [mpm_winnt:notice] [pid 5300:tid 684] AH00455: Apache/2.4.46 (Win64) OpenSSL/1.1.1g PHP/7.2.34 configured -- resuming normal operations
[Mon Dec 28 20:02:18.863761 2020] [mpm_winnt:notice] [pid 5300:tid 684] AH00456: Apache Lounge VC15 Server built: Aug  4 2020 11:50:23
[Mon Dec 28 20:02:18.863761 2020] [core:notice] [pid 5300:tid 684] AH00094: Command line: 'c:\\xampp\\apache\\bin\\httpd.exe -d C:/xampp/apache'
[Mon Dec 28 20:02:18.870437 2020] [mpm_winnt:notice] [pid 5300:tid 684] AH00418: Parent: Created child process 7704
[Mon Dec 28 20:02:19.649218 2020] [ssl:warn] [pid 7704:tid 628] AH01909: www.example.com:443:0 server certificate does NOT include an ID which matches the server name
[Mon Dec 28 20:02:19.742188 2020] [ssl:warn] [pid 7704:tid 628] AH01909: www.example.com:443:0 server certificate does NOT include an ID which matches the server name
[Mon Dec 28 20:02:19.789231 2020] [mpm_winnt:notice] [pid 7704:tid 628] AH00354: Child: Starting 150 worker threads.
[Tue Dec 29 23:22:49.000861 2020] [ssl:warn] [pid 3028:tid 640] AH01909: www.example.com:443:0 server certificate does NOT include an ID which matches the server name
[Tue Dec 29 23:22:49.080646 2020] [core:warn] [pid 3028:tid 640] AH00098: pid file C:/xampp/apache/logs/httpd.pid overwritten -- Unclean shutdown of previous Apache run?
[Tue Dec 29 23:22:49.088624 2020] [ssl:warn] [pid 3028:tid 640] AH01909: www.example.com:443:0 server certificate does NOT include an ID which matches the server name
[Tue Dec 29 23:22:49.436093 2020] [mpm_winnt:notice] [pid 3028:tid 640] AH00455: Apache/2.4.46 (Win64) OpenSSL/1.1.1g PHP/7.2.34 configured -- resuming normal operations
[Tue Dec 29 23:22:49.436093 2020] [mpm_winnt:notice] [pid 3028:tid 640] AH00456: Apache Lounge VC15 Server built: Aug  4 2020 11:50:23
[Tue Dec 29 23:22:49.436093 2020] [core:notice] [pid 3028:tid 640] AH00094: Command line: 'c:\\xampp\\apache\\bin\\httpd.exe -d C:/xampp/apache'
[Tue Dec 29 23:22:49.441081 2020] [mpm_winnt:notice] [pid 3028:tid 640] AH00418: Parent: Created child process 8300
[Tue Dec 29 23:22:50.111716 2020] [ssl:warn] [pid 8300:tid 632] AH01909: www.example.com:443:0 server certificate does NOT include an ID which matches the server name
[Tue Dec 29 23:22:50.189819 2020] [ssl:warn] [pid 8300:tid 632] AH01909: www.example.com:443:0 server certificate does NOT include an ID which matches the server name
[Tue Dec 29 23:22:50.221066 2020] [mpm_winnt:notice] [pid 8300:tid 632] AH00354: Child: Starting 150 worker threads.
[Wed Dec 30 21:26:12.228496 2020] [ssl:warn] [pid 10812:tid 628] AH01909: www.example.com:443:0 server certificate does NOT include an ID which matches the server name
[Wed Dec 30 21:26:12.337846 2020] [core:warn] [pid 10812:tid 628] AH00098: pid file C:/xampp/apache/logs/httpd.pid overwritten -- Unclean shutdown of previous Apache run?
[Wed Dec 30 21:26:12.337846 2020] [ssl:warn] [pid 10812:tid 628] AH01909: www.example.com:443:0 server certificate does NOT include an ID which matches the server name
[Wed Dec 30 21:26:12.400330 2020] [mpm_winnt:notice] [pid 10812:tid 628] AH00455: Apache/2.4.46 (Win64) OpenSSL/1.1.1g PHP/7.2.34 configured -- resuming normal operations
[Wed Dec 30 21:26:12.400330 2020] [mpm_winnt:notice] [pid 10812:tid 628] AH00456: Apache Lounge VC15 Server built: Aug  4 2020 11:50:23
[Wed Dec 30 21:26:12.400330 2020] [core:notice] [pid 10812:tid 628] AH00094: Command line: 'c:\\xampp\\apache\\bin\\httpd.exe -d C:/xampp/apache'
[Wed Dec 30 21:26:12.400330 2020] [mpm_winnt:notice] [pid 10812:tid 628] AH00418: Parent: Created child process 1460
[Wed Dec 30 21:26:13.169170 2020] [ssl:warn] [pid 1460:tid 632] AH01909: www.example.com:443:0 server certificate does NOT include an ID which matches the server name
[Wed Dec 30 21:26:13.259927 2020] [ssl:warn] [pid 1460:tid 632] AH01909: www.example.com:443:0 server certificate does NOT include an ID which matches the server name
[Wed Dec 30 21:26:13.311789 2020] [mpm_winnt:notice] [pid 1460:tid 632] AH00354: Child: Starting 150 worker threads.
[Thu Dec 31 19:05:07.084981 2020] [ssl:warn] [pid 12840:tid 620] AH01909: www.example.com:443:0 server certificate does NOT include an ID which matches the server name
[Thu Dec 31 19:05:07.163088 2020] [core:warn] [pid 12840:tid 620] AH00098: pid file C:/xampp/apache/logs/httpd.pid overwritten -- Unclean shutdown of previous Apache run?
[Thu Dec 31 19:05:07.178708 2020] [ssl:warn] [pid 12840:tid 620] AH01909: www.example.com:443:0 server certificate does NOT include an ID which matches the server name
[Thu Dec 31 19:05:07.475688 2020] [mpm_winnt:notice] [pid 12840:tid 620] AH00455: Apache/2.4.46 (Win64) OpenSSL/1.1.1g PHP/7.2.34 configured -- resuming normal operations
[Thu Dec 31 19:05:07.475688 2020] [mpm_winnt:notice] [pid 12840:tid 620] AH00456: Apache Lounge VC15 Server built: Aug  4 2020 11:50:23
[Thu Dec 31 19:05:07.475688 2020] [core:notice] [pid 12840:tid 620] AH00094: Command line: 'c:\\xampp\\apache\\bin\\httpd.exe -d C:/xampp/apache'
[Thu Dec 31 19:05:07.475688 2020] [mpm_winnt:notice] [pid 12840:tid 620] AH00418: Parent: Created child process 7752
[Thu Dec 31 19:05:08.459657 2020] [ssl:warn] [pid 7752:tid 640] AH01909: www.example.com:443:0 server certificate does NOT include an ID which matches the server name
[Thu Dec 31 19:05:08.881434 2020] [ssl:warn] [pid 7752:tid 640] AH01909: www.example.com:443:0 server certificate does NOT include an ID which matches the server name
[Thu Dec 31 19:05:08.928298 2020] [mpm_winnt:notice] [pid 7752:tid 640] AH00354: Child: Starting 150 worker threads.
[Thu Dec 31 19:08:10.803692 2020] [mpm_winnt:notice] [pid 12840:tid 620] AH00428: Parent: child process 7752 exited with status 3221226356 -- Restarting.
[Thu Dec 31 19:08:10.914377 2020] [ssl:warn] [pid 12840:tid 620] AH01909: www.example.com:443:0 server certificate does NOT include an ID which matches the server name
[Thu Dec 31 19:08:10.965928 2020] [mpm_winnt:notice] [pid 12840:tid 620] AH00455: Apache/2.4.46 (Win64) OpenSSL/1.1.1g PHP/7.2.34 configured -- resuming normal operations
[Thu Dec 31 19:08:10.965928 2020] [mpm_winnt:notice] [pid 12840:tid 620] AH00456: Apache Lounge VC15 Server built: Aug  4 2020 11:50:23
[Thu Dec 31 19:08:10.965928 2020] [core:notice] [pid 12840:tid 620] AH00094: Command line: 'c:\\xampp\\apache\\bin\\httpd.exe -d C:/xampp/apache'
[Thu Dec 31 19:08:10.980402 2020] [mpm_winnt:notice] [pid 12840:tid 620] AH00418: Parent: Created child process 1108
[Thu Dec 31 19:08:11.927171 2020] [ssl:warn] [pid 1108:tid 660] AH01909: www.example.com:443:0 server certificate does NOT include an ID which matches the server name
[Thu Dec 31 19:08:12.021805 2020] [ssl:warn] [pid 1108:tid 660] AH01909: www.example.com:443:0 server certificate does NOT include an ID which matches the server name
[Thu Dec 31 19:08:12.086095 2020] [mpm_winnt:notice] [pid 1108:tid 660] AH00354: Child: Starting 150 worker threads.
[Thu Dec 31 19:08:17.957602 2020] [mpm_winnt:notice] [pid 12840:tid 620] AH00428: Parent: child process 1108 exited with status 3221226356 -- Restarting.
[Thu Dec 31 19:08:18.075194 2020] [ssl:warn] [pid 12840:tid 620] AH01909: www.example.com:443:0 server certificate does NOT include an ID which matches the server name
[Thu Dec 31 19:08:18.119801 2020] [mpm_winnt:notice] [pid 12840:tid 620] AH00455: Apache/2.4.46 (Win64) OpenSSL/1.1.1g PHP/7.2.34 configured -- resuming normal operations
[Thu Dec 31 19:08:18.119801 2020] [mpm_winnt:notice] [pid 12840:tid 620] AH00456: Apache Lounge VC15 Server built: Aug  4 2020 11:50:23
[Thu Dec 31 19:08:18.119801 2020] [core:notice] [pid 12840:tid 620] AH00094: Command line: 'c:\\xampp\\apache\\bin\\httpd.exe -d C:/xampp/apache'
[Thu Dec 31 19:08:18.135416 2020] [mpm_winnt:notice] [pid 12840:tid 620] AH00418: Parent: Created child process 2884
[Thu Dec 31 19:08:19.042891 2020] [ssl:warn] [pid 2884:tid 628] AH01909: www.example.com:443:0 server certificate does NOT include an ID which matches the server name
[Thu Dec 31 19:08:19.142311 2020] [ssl:warn] [pid 2884:tid 628] AH01909: www.example.com:443:0 server certificate does NOT include an ID which matches the server name
[Thu Dec 31 19:08:19.210593 2020] [mpm_winnt:notice] [pid 2884:tid 628] AH00354: Child: Starting 150 worker threads.
[Thu Dec 31 22:07:50.186005 2020] [ssl:warn] [pid 12344:tid 624] AH01909: www.example.com:443:0 server certificate does NOT include an ID which matches the server name
[Thu Dec 31 22:07:50.302704 2020] [core:warn] [pid 12344:tid 624] AH00098: pid file C:/xampp/apache/logs/httpd.pid overwritten -- Unclean shutdown of previous Apache run?
[Thu Dec 31 22:07:50.313535 2020] [ssl:warn] [pid 12344:tid 624] AH01909: www.example.com:443:0 server certificate does NOT include an ID which matches the server name
[Thu Dec 31 22:07:50.624790 2020] [mpm_winnt:notice] [pid 12344:tid 624] AH00455: Apache/2.4.46 (Win64) OpenSSL/1.1.1g PHP/7.2.34 configured -- resuming normal operations
[Thu Dec 31 22:07:50.624790 2020] [mpm_winnt:notice] [pid 12344:tid 624] AH00456: Apache Lounge VC15 Server built: Aug  4 2020 11:50:23
[Thu Dec 31 22:07:50.624790 2020] [core:notice] [pid 12344:tid 624] AH00094: Command line: 'c:\\xampp\\apache\\bin\\httpd.exe -d C:/xampp/apache'
[Thu Dec 31 22:07:50.631268 2020] [mpm_winnt:notice] [pid 12344:tid 624] AH00418: Parent: Created child process 12968
[Thu Dec 31 22:07:51.251917 2020] [ssl:warn] [pid 12968:tid 632] AH01909: www.example.com:443:0 server certificate does NOT include an ID which matches the server name
[Thu Dec 31 22:07:51.330002 2020] [ssl:warn] [pid 12968:tid 632] AH01909: www.example.com:443:0 server certificate does NOT include an ID which matches the server name
[Thu Dec 31 22:07:51.384127 2020] [mpm_winnt:notice] [pid 12968:tid 632] AH00354: Child: Starting 150 worker threads.
[Thu Dec 31 22:37:32.894318 2020] [mpm_winnt:notice] [pid 12344:tid 624] AH00428: Parent: child process 12968 exited with status 3221226356 -- Restarting.
[Thu Dec 31 22:37:33.983690 2020] [ssl:warn] [pid 12344:tid 624] AH01909: www.example.com:443:0 server certificate does NOT include an ID which matches the server name
[Thu Dec 31 22:37:34.065703 2020] [mpm_winnt:notice] [pid 12344:tid 624] AH00455: Apache/2.4.46 (Win64) OpenSSL/1.1.1g PHP/7.2.34 configured -- resuming normal operations
[Thu Dec 31 22:37:34.065703 2020] [mpm_winnt:notice] [pid 12344:tid 624] AH00456: Apache Lounge VC15 Server built: Aug  4 2020 11:50:23
[Thu Dec 31 22:37:34.065703 2020] [core:notice] [pid 12344:tid 624] AH00094: Command line: 'c:\\xampp\\apache\\bin\\httpd.exe -d C:/xampp/apache'
[Thu Dec 31 22:37:34.071763 2020] [mpm_winnt:notice] [pid 12344:tid 624] AH00418: Parent: Created child process 7216
[Thu Dec 31 22:37:35.077248 2020] [ssl:warn] [pid 7216:tid 640] AH01909: www.example.com:443:0 server certificate does NOT include an ID which matches the server name
[Thu Dec 31 22:37:35.176168 2020] [ssl:warn] [pid 7216:tid 640] AH01909: www.example.com:443:0 server certificate does NOT include an ID which matches the server name
[Thu Dec 31 22:37:35.230222 2020] [mpm_winnt:notice] [pid 7216:tid 640] AH00354: Child: Starting 150 worker threads.
[Thu Dec 31 23:53:38.445006 2020] [ssl:warn] [pid 8060:tid 552] AH01909: www.example.com:443:0 server certificate does NOT include an ID which matches the server name
[Thu Dec 31 23:53:38.527819 2020] [core:warn] [pid 8060:tid 552] AH00098: pid file C:/xampp/apache/logs/httpd.pid overwritten -- Unclean shutdown of previous Apache run?
[Thu Dec 31 23:53:38.537792 2020] [ssl:warn] [pid 8060:tid 552] AH01909: www.example.com:443:0 server certificate does NOT include an ID which matches the server name
[Thu Dec 31 23:53:38.577652 2020] [mpm_winnt:notice] [pid 8060:tid 552] AH00455: Apache/2.4.46 (Win64) OpenSSL/1.1.1g PHP/7.2.34 configured -- resuming normal operations
[Thu Dec 31 23:53:38.577652 2020] [mpm_winnt:notice] [pid 8060:tid 552] AH00456: Apache Lounge VC15 Server built: Aug  4 2020 11:50:23
[Thu Dec 31 23:53:38.577652 2020] [core:notice] [pid 8060:tid 552] AH00094: Command line: 'c:\\xampp\\apache\\bin\\httpd.exe -d C:/xampp/apache'
[Thu Dec 31 23:53:38.580645 2020] [mpm_winnt:notice] [pid 8060:tid 552] AH00418: Parent: Created child process 14096
[Thu Dec 31 23:53:39.243872 2020] [ssl:warn] [pid 14096:tid 624] AH01909: www.example.com:443:0 server certificate does NOT include an ID which matches the server name
[Thu Dec 31 23:53:39.322662 2020] [ssl:warn] [pid 14096:tid 624] AH01909: www.example.com:443:0 server certificate does NOT include an ID which matches the server name
[Thu Dec 31 23:53:39.364546 2020] [mpm_winnt:notice] [pid 14096:tid 624] AH00354: Child: Starting 150 worker threads.
[Thu Dec 31 23:55:42.341858 2020] [ssl:warn] [pid 10488:tid 652] AH01909: www.example.com:443:0 server certificate does NOT include an ID which matches the server name
[Thu Dec 31 23:55:42.422641 2020] [core:warn] [pid 10488:tid 652] AH00098: pid file C:/xampp/apache/logs/httpd.pid overwritten -- Unclean shutdown of previous Apache run?
[Thu Dec 31 23:55:42.434610 2020] [ssl:warn] [pid 10488:tid 652] AH01909: www.example.com:443:0 server certificate does NOT include an ID which matches the server name
[Thu Dec 31 23:55:42.472539 2020] [mpm_winnt:notice] [pid 10488:tid 652] AH00455: Apache/2.4.46 (Win64) OpenSSL/1.1.1g PHP/7.2.34 configured -- resuming normal operations
[Thu Dec 31 23:55:42.472539 2020] [mpm_winnt:notice] [pid 10488:tid 652] AH00456: Apache Lounge VC15 Server built: Aug  4 2020 11:50:23
[Thu Dec 31 23:55:42.472539 2020] [core:notice] [pid 10488:tid 652] AH00094: Command line: 'c:\\xampp\\apache\\bin\\httpd.exe -d C:/xampp/apache'
[Thu Dec 31 23:55:42.475498 2020] [mpm_winnt:notice] [pid 10488:tid 652] AH00418: Parent: Created child process 372
[Thu Dec 31 23:55:43.072900 2020] [ssl:warn] [pid 372:tid 572] AH01909: www.example.com:443:0 server certificate does NOT include an ID which matches the server name
[Thu Dec 31 23:55:43.146706 2020] [ssl:warn] [pid 372:tid 572] AH01909: www.example.com:443:0 server certificate does NOT include an ID which matches the server name
[Thu Dec 31 23:55:43.187593 2020] [mpm_winnt:notice] [pid 372:tid 572] AH00354: Child: Starting 150 worker threads.
[Fri Jan 01 18:32:13.395282 2021] [ssl:warn] [pid 3180:tid 624] AH01909: www.example.com:443:0 server certificate does NOT include an ID which matches the server name
[Fri Jan 01 18:32:13.480909 2021] [core:warn] [pid 3180:tid 624] AH00098: pid file C:/xampp/apache/logs/httpd.pid overwritten -- Unclean shutdown of previous Apache run?
[Fri Jan 01 18:32:13.488928 2021] [ssl:warn] [pid 3180:tid 624] AH01909: www.example.com:443:0 server certificate does NOT include an ID which matches the server name
[Fri Jan 01 18:32:13.874501 2021] [mpm_winnt:notice] [pid 3180:tid 624] AH00455: Apache/2.4.46 (Win64) OpenSSL/1.1.1g PHP/7.2.34 configured -- resuming normal operations
[Fri Jan 01 18:32:13.874501 2021] [mpm_winnt:notice] [pid 3180:tid 624] AH00456: Apache Lounge VC15 Server built: Aug  4 2020 11:50:23
[Fri Jan 01 18:32:13.874501 2021] [core:notice] [pid 3180:tid 624] AH00094: Command line: 'c:\\xampp\\apache\\bin\\httpd.exe -d C:/xampp/apache'
[Fri Jan 01 18:32:13.874501 2021] [mpm_winnt:notice] [pid 3180:tid 624] AH00418: Parent: Created child process 5716
[Fri Jan 01 18:32:14.561843 2021] [ssl:warn] [pid 5716:tid 632] AH01909: www.example.com:443:0 server certificate does NOT include an ID which matches the server name
[Fri Jan 01 18:32:14.624329 2021] [ssl:warn] [pid 5716:tid 632] AH01909: www.example.com:443:0 server certificate does NOT include an ID which matches the server name
[Fri Jan 01 18:32:14.671192 2021] [mpm_winnt:notice] [pid 5716:tid 632] AH00354: Child: Starting 150 worker threads.
[Fri Jan 01 22:10:21.340595 2021] [ssl:warn] [pid 9852:tid 628] AH01909: www.example.com:443:0 server certificate does NOT include an ID which matches the server name
[Fri Jan 01 22:10:21.418002 2021] [core:warn] [pid 9852:tid 628] AH00098: pid file C:/xampp/apache/logs/httpd.pid overwritten -- Unclean shutdown of previous Apache run?
[Fri Jan 01 22:10:21.424984 2021] [ssl:warn] [pid 9852:tid 628] AH01909: www.example.com:443:0 server certificate does NOT include an ID which matches the server name
[Fri Jan 01 22:10:21.464639 2021] [mpm_winnt:notice] [pid 9852:tid 628] AH00455: Apache/2.4.46 (Win64) OpenSSL/1.1.1g PHP/7.2.34 configured -- resuming normal operations
[Fri Jan 01 22:10:21.464639 2021] [mpm_winnt:notice] [pid 9852:tid 628] AH00456: Apache Lounge VC15 Server built: Aug  4 2020 11:50:23
[Fri Jan 01 22:10:21.464639 2021] [core:notice] [pid 9852:tid 628] AH00094: Command line: 'c:\\xampp\\apache\\bin\\httpd.exe -d C:/xampp/apache'
[Fri Jan 01 22:10:21.467632 2021] [mpm_winnt:notice] [pid 9852:tid 628] AH00418: Parent: Created child process 12612
[Fri Jan 01 22:10:22.126137 2021] [ssl:warn] [pid 12612:tid 672] AH01909: www.example.com:443:0 server certificate does NOT include an ID which matches the server name
[Fri Jan 01 22:10:22.207794 2021] [ssl:warn] [pid 12612:tid 672] AH01909: www.example.com:443:0 server certificate does NOT include an ID which matches the server name
[Fri Jan 01 22:10:22.259623 2021] [mpm_winnt:notice] [pid 12612:tid 672] AH00354: Child: Starting 150 worker threads.
[Fri Jan 01 22:20:52.534204 2021] [mpm_winnt:notice] [pid 9852:tid 628] AH00428: Parent: child process 12612 exited with status 3221226356 -- Restarting.
[Fri Jan 01 22:20:52.625128 2021] [ssl:warn] [pid 9852:tid 628] AH01909: www.example.com:443:0 server certificate does NOT include an ID which matches the server name
[Fri Jan 01 22:20:52.664533 2021] [mpm_winnt:notice] [pid 9852:tid 628] AH00455: Apache/2.4.46 (Win64) OpenSSL/1.1.1g PHP/7.2.34 configured -- resuming normal operations
[Fri Jan 01 22:20:52.664533 2021] [mpm_winnt:notice] [pid 9852:tid 628] AH00456: Apache Lounge VC15 Server built: Aug  4 2020 11:50:23
[Fri Jan 01 22:20:52.664533 2021] [core:notice] [pid 9852:tid 628] AH00094: Command line: 'c:\\xampp\\apache\\bin\\httpd.exe -d C:/xampp/apache'
[Fri Jan 01 22:20:52.668525 2021] [mpm_winnt:notice] [pid 9852:tid 628] AH00418: Parent: Created child process 12400
[Fri Jan 01 22:20:53.276436 2021] [ssl:warn] [pid 12400:tid 656] AH01909: www.example.com:443:0 server certificate does NOT include an ID which matches the server name
[Fri Jan 01 22:20:53.354427 2021] [ssl:warn] [pid 12400:tid 656] AH01909: www.example.com:443:0 server certificate does NOT include an ID which matches the server name
[Fri Jan 01 22:20:53.396085 2021] [mpm_winnt:notice] [pid 12400:tid 656] AH00354: Child: Starting 150 worker threads.
[Sun Jan 03 08:29:53.791185 2021] [ssl:warn] [pid 5732:tid 660] AH01909: www.example.com:443:0 server certificate does NOT include an ID which matches the server name
[Sun Jan 03 08:29:53.882917 2021] [core:warn] [pid 5732:tid 660] AH00098: pid file C:/xampp/apache/logs/httpd.pid overwritten -- Unclean shutdown of previous Apache run?
[Sun Jan 03 08:29:53.891890 2021] [ssl:warn] [pid 5732:tid 660] AH01909: www.example.com:443:0 server certificate does NOT include an ID which matches the server name
[Sun Jan 03 08:29:54.462137 2021] [mpm_winnt:notice] [pid 5732:tid 660] AH00455: Apache/2.4.46 (Win64) OpenSSL/1.1.1g PHP/7.2.34 configured -- resuming normal operations
[Sun Jan 03 08:29:54.462137 2021] [mpm_winnt:notice] [pid 5732:tid 660] AH00456: Apache Lounge VC15 Server built: Aug  4 2020 11:50:23
[Sun Jan 03 08:29:54.462137 2021] [core:notice] [pid 5732:tid 660] AH00094: Command line: 'c:\\xampp\\apache\\bin\\httpd.exe -d C:/xampp/apache'
[Sun Jan 03 08:29:54.467124 2021] [mpm_winnt:notice] [pid 5732:tid 660] AH00418: Parent: Created child process 12032
[Sun Jan 03 08:29:55.178115 2021] [ssl:warn] [pid 12032:tid 620] AH01909: www.example.com:443:0 server certificate does NOT include an ID which matches the server name
[Sun Jan 03 08:29:55.259839 2021] [ssl:warn] [pid 12032:tid 620] AH01909: www.example.com:443:0 server certificate does NOT include an ID which matches the server name
[Sun Jan 03 08:29:55.304158 2021] [mpm_winnt:notice] [pid 12032:tid 620] AH00354: Child: Starting 150 worker threads.
[Sun Jan 03 08:31:26.636285 2021] [mpm_winnt:notice] [pid 5732:tid 660] AH00428: Parent: child process 12032 exited with status 3221226356 -- Restarting.
[Sun Jan 03 08:31:26.750402 2021] [ssl:warn] [pid 5732:tid 660] AH01909: www.example.com:443:0 server certificate does NOT include an ID which matches the server name
[Sun Jan 03 08:31:26.809166 2021] [mpm_winnt:notice] [pid 5732:tid 660] AH00455: Apache/2.4.46 (Win64) OpenSSL/1.1.1g PHP/7.2.34 configured -- resuming normal operations
[Sun Jan 03 08:31:26.809166 2021] [mpm_winnt:notice] [pid 5732:tid 660] AH00456: Apache Lounge VC15 Server built: Aug  4 2020 11:50:23
[Sun Jan 03 08:31:26.809166 2021] [core:notice] [pid 5732:tid 660] AH00094: Command line: 'c:\\xampp\\apache\\bin\\httpd.exe -d C:/xampp/apache'
[Sun Jan 03 08:31:26.814004 2021] [mpm_winnt:notice] [pid 5732:tid 660] AH00418: Parent: Created child process 9884
[Sun Jan 03 08:31:27.726368 2021] [ssl:warn] [pid 9884:tid 632] AH01909: www.example.com:443:0 server certificate does NOT include an ID which matches the server name
[Sun Jan 03 08:31:27.817277 2021] [ssl:warn] [pid 9884:tid 632] AH01909: www.example.com:443:0 server certificate does NOT include an ID which matches the server name
[Sun Jan 03 08:31:27.873620 2021] [mpm_winnt:notice] [pid 9884:tid 632] AH00354: Child: Starting 150 worker threads.
[Sun Jan 03 08:58:52.479061 2021] [mpm_winnt:notice] [pid 5732:tid 660] AH00428: Parent: child process 9884 exited with status 3221226356 -- Restarting.
[Sun Jan 03 08:58:52.591394 2021] [ssl:warn] [pid 5732:tid 660] AH01909: www.example.com:443:0 server certificate does NOT include an ID which matches the server name
[Sun Jan 03 08:58:52.658144 2021] [mpm_winnt:notice] [pid 5732:tid 660] AH00455: Apache/2.4.46 (Win64) OpenSSL/1.1.1g PHP/7.2.34 configured -- resuming normal operations
[Sun Jan 03 08:58:52.658144 2021] [mpm_winnt:notice] [pid 5732:tid 660] AH00456: Apache Lounge VC15 Server built: Aug  4 2020 11:50:23
[Sun Jan 03 08:58:52.658144 2021] [core:notice] [pid 5732:tid 660] AH00094: Command line: 'c:\\xampp\\apache\\bin\\httpd.exe -d C:/xampp/apache'
[Sun Jan 03 08:58:52.662652 2021] [mpm_winnt:notice] [pid 5732:tid 660] AH00418: Parent: Created child process 5092
[Sun Jan 03 08:58:53.615954 2021] [ssl:warn] [pid 5092:tid 628] AH01909: www.example.com:443:0 server certificate does NOT include an ID which matches the server name
[Sun Jan 03 08:58:53.715264 2021] [ssl:warn] [pid 5092:tid 628] AH01909: www.example.com:443:0 server certificate does NOT include an ID which matches the server name
[Sun Jan 03 08:58:53.769422 2021] [mpm_winnt:notice] [pid 5092:tid 628] AH00354: Child: Starting 150 worker threads.
[Sun Jan 03 09:07:10.297379 2021] [mpm_winnt:notice] [pid 5732:tid 660] AH00428: Parent: child process 5092 exited with status 3221226356 -- Restarting.
[Sun Jan 03 09:07:10.425646 2021] [ssl:warn] [pid 5732:tid 660] AH01909: www.example.com:443:0 server certificate does NOT include an ID which matches the server name
[Sun Jan 03 09:07:10.471023 2021] [mpm_winnt:notice] [pid 5732:tid 660] AH00455: Apache/2.4.46 (Win64) OpenSSL/1.1.1g PHP/7.2.34 configured -- resuming normal operations
[Sun Jan 03 09:07:10.471023 2021] [mpm_winnt:notice] [pid 5732:tid 660] AH00456: Apache Lounge VC15 Server built: Aug  4 2020 11:50:23
[Sun Jan 03 09:07:10.471023 2021] [core:notice] [pid 5732:tid 660] AH00094: Command line: 'c:\\xampp\\apache\\bin\\httpd.exe -d C:/xampp/apache'
[Sun Jan 03 09:07:10.487204 2021] [mpm_winnt:notice] [pid 5732:tid 660] AH00418: Parent: Created child process 10148
[Sun Jan 03 09:07:12.051922 2021] [ssl:warn] [pid 10148:tid 712] AH01909: www.example.com:443:0 server certificate does NOT include an ID which matches the server name
[Sun Jan 03 09:07:12.171960 2021] [ssl:warn] [pid 10148:tid 712] AH01909: www.example.com:443:0 server certificate does NOT include an ID which matches the server name
[Sun Jan 03 09:07:12.309534 2021] [mpm_winnt:notice] [pid 10148:tid 712] AH00354: Child: Starting 150 worker threads.
[Sun Jan 03 18:52:31.265410 2021] [mpm_winnt:notice] [pid 5732:tid 660] AH00428: Parent: child process 10148 exited with status 3221226356 -- Restarting.
[Sun Jan 03 18:52:32.558668 2021] [ssl:warn] [pid 5732:tid 660] AH01909: www.example.com:443:0 server certificate does NOT include an ID which matches the server name
[Sun Jan 03 18:52:32.989949 2021] [mpm_winnt:notice] [pid 5732:tid 660] AH00455: Apache/2.4.46 (Win64) OpenSSL/1.1.1g PHP/7.2.34 configured -- resuming normal operations
[Sun Jan 03 18:52:32.989949 2021] [mpm_winnt:notice] [pid 5732:tid 660] AH00456: Apache Lounge VC15 Server built: Aug  4 2020 11:50:23
[Sun Jan 03 18:52:32.989949 2021] [core:notice] [pid 5732:tid 660] AH00094: Command line: 'c:\\xampp\\apache\\bin\\httpd.exe -d C:/xampp/apache'
[Sun Jan 03 18:52:33.027194 2021] [mpm_winnt:notice] [pid 5732:tid 660] AH00418: Parent: Created child process 12764
[Sun Jan 03 18:52:34.786735 2021] [ssl:warn] [pid 12764:tid 740] AH01909: www.example.com:443:0 server certificate does NOT include an ID which matches the server name
[Sun Jan 03 18:52:34.880337 2021] [ssl:warn] [pid 12764:tid 740] AH01909: www.example.com:443:0 server certificate does NOT include an ID which matches the server name
[Sun Jan 03 18:52:35.031504 2021] [mpm_winnt:notice] [pid 12764:tid 740] AH00354: Child: Starting 150 worker threads.
[Sun Jan 03 18:52:39.937693 2021] [mpm_winnt:notice] [pid 5732:tid 660] AH00428: Parent: child process 12764 exited with status 3221226356 -- Restarting.
[Sun Jan 03 18:52:40.066728 2021] [ssl:warn] [pid 5732:tid 660] AH01909: www.example.com:443:0 server certificate does NOT include an ID which matches the server name
[Sun Jan 03 18:52:40.119177 2021] [mpm_winnt:notice] [pid 5732:tid 660] AH00455: Apache/2.4.46 (Win64) OpenSSL/1.1.1g PHP/7.2.34 configured -- resuming normal operations
[Sun Jan 03 18:52:40.119177 2021] [mpm_winnt:notice] [pid 5732:tid 660] AH00456: Apache Lounge VC15 Server built: Aug  4 2020 11:50:23
[Sun Jan 03 18:52:40.119177 2021] [core:notice] [pid 5732:tid 660] AH00094: Command line: 'c:\\xampp\\apache\\bin\\httpd.exe -d C:/xampp/apache'
[Sun Jan 03 18:52:40.131191 2021] [mpm_winnt:notice] [pid 5732:tid 660] AH00418: Parent: Created child process 2492
[Sun Jan 03 18:52:41.593701 2021] [ssl:warn] [pid 2492:tid 700] AH01909: www.example.com:443:0 server certificate does NOT include an ID which matches the server name
[Sun Jan 03 18:52:41.687723 2021] [ssl:warn] [pid 2492:tid 700] AH01909: www.example.com:443:0 server certificate does NOT include an ID which matches the server name
[Sun Jan 03 18:52:41.837120 2021] [mpm_winnt:notice] [pid 2492:tid 700] AH00354: Child: Starting 150 worker threads.
[Sun Jan 03 19:03:38.826230 2021] [mpm_winnt:notice] [pid 5732:tid 660] AH00428: Parent: child process 2492 exited with status 3221226356 -- Restarting.
[Sun Jan 03 19:03:38.936919 2021] [ssl:warn] [pid 5732:tid 660] AH01909: www.example.com:443:0 server certificate does NOT include an ID which matches the server name
[Sun Jan 03 19:03:38.994897 2021] [mpm_winnt:notice] [pid 5732:tid 660] AH00455: Apache/2.4.46 (Win64) OpenSSL/1.1.1g PHP/7.2.34 configured -- resuming normal operations
[Sun Jan 03 19:03:38.994897 2021] [mpm_winnt:notice] [pid 5732:tid 660] AH00456: Apache Lounge VC15 Server built: Aug  4 2020 11:50:23
[Sun Jan 03 19:03:38.994897 2021] [core:notice] [pid 5732:tid 660] AH00094: Command line: 'c:\\xampp\\apache\\bin\\httpd.exe -d C:/xampp/apache'
[Sun Jan 03 19:03:39.000882 2021] [mpm_winnt:notice] [pid 5732:tid 660] AH00418: Parent: Created child process 6208
[Sun Jan 03 19:03:40.479563 2021] [ssl:warn] [pid 6208:tid 720] AH01909: www.example.com:443:0 server certificate does NOT include an ID which matches the server name
[Sun Jan 03 19:03:40.585073 2021] [ssl:warn] [pid 6208:tid 720] AH01909: www.example.com:443:0 server certificate does NOT include an ID which matches the server name
[Sun Jan 03 19:03:40.727356 2021] [mpm_winnt:notice] [pid 6208:tid 720] AH00354: Child: Starting 150 worker threads.
[Sun Jan 03 19:31:19.206462 2021] [mpm_winnt:notice] [pid 5732:tid 660] AH00428: Parent: child process 6208 exited with status 3221226356 -- Restarting.
[Sun Jan 03 19:31:19.363756 2021] [ssl:warn] [pid 5732:tid 660] AH01909: www.example.com:443:0 server certificate does NOT include an ID which matches the server name
[Sun Jan 03 19:31:19.425802 2021] [mpm_winnt:notice] [pid 5732:tid 660] AH00455: Apache/2.4.46 (Win64) OpenSSL/1.1.1g PHP/7.2.34 configured -- resuming normal operations
[Sun Jan 03 19:31:19.425802 2021] [mpm_winnt:notice] [pid 5732:tid 660] AH00456: Apache Lounge VC15 Server built: Aug  4 2020 11:50:23
[Sun Jan 03 19:31:19.425802 2021] [core:notice] [pid 5732:tid 660] AH00094: Command line: 'c:\\xampp\\apache\\bin\\httpd.exe -d C:/xampp/apache'
[Sun Jan 03 19:31:19.430383 2021] [mpm_winnt:notice] [pid 5732:tid 660] AH00418: Parent: Created child process 1040
[Sun Jan 03 19:31:20.530365 2021] [ssl:warn] [pid 1040:tid 624] AH01909: www.example.com:443:0 server certificate does NOT include an ID which matches the server name
[Sun Jan 03 19:31:20.666937 2021] [ssl:warn] [pid 1040:tid 624] AH01909: www.example.com:443:0 server certificate does NOT include an ID which matches the server name
[Sun Jan 03 19:31:20.734421 2021] [mpm_winnt:notice] [pid 1040:tid 624] AH00354: Child: Starting 150 worker threads.
[Wed Jan 20 19:41:26.031610 2021] [ssl:warn] [pid 11256:tid 632] AH01909: www.example.com:443:0 server certificate does NOT include an ID which matches the server name
[Wed Jan 20 19:41:26.125335 2021] [core:warn] [pid 11256:tid 632] AH00098: pid file C:/xampp/apache/logs/httpd.pid overwritten -- Unclean shutdown of previous Apache run?
[Wed Jan 20 19:41:26.125335 2021] [ssl:warn] [pid 11256:tid 632] AH01909: www.example.com:443:0 server certificate does NOT include an ID which matches the server name
[Wed Jan 20 19:41:26.547110 2021] [mpm_winnt:notice] [pid 11256:tid 632] AH00455: Apache/2.4.46 (Win64) OpenSSL/1.1.1g PHP/7.2.34 configured -- resuming normal operations
[Wed Jan 20 19:41:26.547110 2021] [mpm_winnt:notice] [pid 11256:tid 632] AH00456: Apache Lounge VC15 Server built: Aug  4 2020 11:50:23
[Wed Jan 20 19:41:26.547110 2021] [core:notice] [pid 11256:tid 632] AH00094: Command line: 'c:\\xampp\\apache\\bin\\httpd.exe -d C:/xampp/apache'
[Wed Jan 20 19:41:26.562732 2021] [mpm_winnt:notice] [pid 11256:tid 632] AH00418: Parent: Created child process 2084
[Wed Jan 20 19:41:27.199661 2021] [ssl:warn] [pid 2084:tid 168] AH01909: www.example.com:443:0 server certificate does NOT include an ID which matches the server name
[Wed Jan 20 19:41:27.293269 2021] [ssl:warn] [pid 2084:tid 168] AH01909: www.example.com:443:0 server certificate does NOT include an ID which matches the server name
[Wed Jan 20 19:41:27.324503 2021] [mpm_winnt:notice] [pid 2084:tid 168] AH00354: Child: Starting 150 worker threads.
[Sun Jan 24 15:58:08.165093 2021] [ssl:warn] [pid 27064:tid 692] AH01909: www.example.com:443:0 server certificate does NOT include an ID which matches the server name
[Sun Jan 24 15:58:08.249989 2021] [core:warn] [pid 27064:tid 692] AH00098: pid file C:/xampp/apache/logs/httpd.pid overwritten -- Unclean shutdown of previous Apache run?
[Sun Jan 24 15:58:08.256969 2021] [ssl:warn] [pid 27064:tid 692] AH01909: www.example.com:443:0 server certificate does NOT include an ID which matches the server name
[Sun Jan 24 15:58:08.717453 2021] [mpm_winnt:notice] [pid 27064:tid 692] AH00455: Apache/2.4.46 (Win64) OpenSSL/1.1.1g PHP/7.2.34 configured -- resuming normal operations
[Sun Jan 24 15:58:08.718454 2021] [mpm_winnt:notice] [pid 27064:tid 692] AH00456: Apache Lounge VC15 Server built: Aug  4 2020 11:50:23
[Sun Jan 24 15:58:08.718454 2021] [core:notice] [pid 27064:tid 692] AH00094: Command line: 'c:\\xampp\\apache\\bin\\httpd.exe -d C:/xampp/apache'
[Sun Jan 24 15:58:08.721408 2021] [mpm_winnt:notice] [pid 27064:tid 692] AH00418: Parent: Created child process 29488
[Sun Jan 24 15:58:09.343602 2021] [ssl:warn] [pid 29488:tid 628] AH01909: www.example.com:443:0 server certificate does NOT include an ID which matches the server name
[Sun Jan 24 15:58:09.426586 2021] [ssl:warn] [pid 29488:tid 628] AH01909: www.example.com:443:0 server certificate does NOT include an ID which matches the server name
[Sun Jan 24 15:58:09.500383 2021] [mpm_winnt:notice] [pid 29488:tid 628] AH00354: Child: Starting 150 worker threads.
[Sun Jan 24 15:58:22.729070 2021] [mpm_winnt:notice] [pid 27064:tid 692] AH00428: Parent: child process 29488 exited with status 3221226356 -- Restarting.
[Sun Jan 24 15:58:22.823077 2021] [ssl:warn] [pid 27064:tid 692] AH01909: www.example.com:443:0 server certificate does NOT include an ID which matches the server name
[Sun Jan 24 15:58:22.867910 2021] [mpm_winnt:notice] [pid 27064:tid 692] AH00455: Apache/2.4.46 (Win64) OpenSSL/1.1.1g PHP/7.2.34 configured -- resuming normal operations
[Sun Jan 24 15:58:22.867910 2021] [mpm_winnt:notice] [pid 27064:tid 692] AH00456: Apache Lounge VC15 Server built: Aug  4 2020 11:50:23
[Sun Jan 24 15:58:22.867910 2021] [core:notice] [pid 27064:tid 692] AH00094: Command line: 'c:\\xampp\\apache\\bin\\httpd.exe -d C:/xampp/apache'
[Sun Jan 24 15:58:22.871899 2021] [mpm_winnt:notice] [pid 27064:tid 692] AH00418: Parent: Created child process 8068
[Sun Jan 24 15:58:23.601979 2021] [ssl:warn] [pid 8068:tid 596] AH01909: www.example.com:443:0 server certificate does NOT include an ID which matches the server name
[Sun Jan 24 15:58:23.686388 2021] [ssl:warn] [pid 8068:tid 596] AH01909: www.example.com:443:0 server certificate does NOT include an ID which matches the server name
[Sun Jan 24 15:58:23.726285 2021] [mpm_winnt:notice] [pid 8068:tid 596] AH00354: Child: Starting 150 worker threads.
[Wed Jan 27 14:20:44.883324 2021] [ssl:warn] [pid 1760:tid 560] AH01909: www.example.com:443:0 server certificate does NOT include an ID which matches the server name
[Wed Jan 27 14:20:44.975858 2021] [core:warn] [pid 1760:tid 560] AH00098: pid file C:/xampp/apache/logs/httpd.pid overwritten -- Unclean shutdown of previous Apache run?
[Wed Jan 27 14:20:44.982842 2021] [ssl:warn] [pid 1760:tid 560] AH01909: www.example.com:443:0 server certificate does NOT include an ID which matches the server name
[Wed Jan 27 14:20:45.426431 2021] [mpm_winnt:notice] [pid 1760:tid 560] AH00455: Apache/2.4.46 (Win64) OpenSSL/1.1.1g PHP/7.2.34 configured -- resuming normal operations
[Wed Jan 27 14:20:45.426431 2021] [mpm_winnt:notice] [pid 1760:tid 560] AH00456: Apache Lounge VC15 Server built: Aug  4 2020 11:50:23
[Wed Jan 27 14:20:45.427426 2021] [core:notice] [pid 1760:tid 560] AH00094: Command line: 'c:\\xampp\\apache\\bin\\httpd.exe -d C:/xampp/apache'
[Wed Jan 27 14:20:45.431416 2021] [mpm_winnt:notice] [pid 1760:tid 560] AH00418: Parent: Created child process 5756
[Wed Jan 27 14:20:46.063178 2021] [ssl:warn] [pid 5756:tid 648] AH01909: www.example.com:443:0 server certificate does NOT include an ID which matches the server name
[Wed Jan 27 14:20:46.139868 2021] [ssl:warn] [pid 5756:tid 648] AH01909: www.example.com:443:0 server certificate does NOT include an ID which matches the server name
[Wed Jan 27 14:20:46.182771 2021] [mpm_winnt:notice] [pid 5756:tid 648] AH00354: Child: Starting 150 worker threads.
[Wed Jan 27 22:34:02.254903 2021] [ssl:warn] [pid 3556:tid 652] AH01909: www.example.com:443:0 server certificate does NOT include an ID which matches the server name
[Wed Jan 27 22:34:02.367779 2021] [core:warn] [pid 3556:tid 652] AH00098: pid file C:/xampp/apache/logs/httpd.pid overwritten -- Unclean shutdown of previous Apache run?
[Wed Jan 27 22:34:02.376790 2021] [ssl:warn] [pid 3556:tid 652] AH01909: www.example.com:443:0 server certificate does NOT include an ID which matches the server name
[Wed Jan 27 22:34:02.719415 2021] [mpm_winnt:notice] [pid 3556:tid 652] AH00455: Apache/2.4.46 (Win64) OpenSSL/1.1.1g PHP/7.2.34 configured -- resuming normal operations
[Wed Jan 27 22:34:02.719415 2021] [mpm_winnt:notice] [pid 3556:tid 652] AH00456: Apache Lounge VC15 Server built: Aug  4 2020 11:50:23
[Wed Jan 27 22:34:02.719415 2021] [core:notice] [pid 3556:tid 652] AH00094: Command line: 'c:\\xampp\\apache\\bin\\httpd.exe -d C:/xampp/apache'
[Wed Jan 27 22:34:02.723403 2021] [mpm_winnt:notice] [pid 3556:tid 652] AH00418: Parent: Created child process 984
[Wed Jan 27 22:34:03.336739 2021] [ssl:warn] [pid 984:tid 640] AH01909: www.example.com:443:0 server certificate does NOT include an ID which matches the server name
[Wed Jan 27 22:34:03.414842 2021] [ssl:warn] [pid 984:tid 640] AH01909: www.example.com:443:0 server certificate does NOT include an ID which matches the server name
[Wed Jan 27 22:34:03.456992 2021] [mpm_winnt:notice] [pid 984:tid 640] AH00354: Child: Starting 150 worker threads.
[Thu Jan 28 15:17:52.885860 2021] [ssl:warn] [pid 9408:tid 584] AH01909: www.example.com:443:0 server certificate does NOT include an ID which matches the server name
[Thu Jan 28 15:17:52.977409 2021] [core:warn] [pid 9408:tid 584] AH00098: pid file C:/xampp/apache/logs/httpd.pid overwritten -- Unclean shutdown of previous Apache run?
[Thu Jan 28 15:17:52.986904 2021] [ssl:warn] [pid 9408:tid 584] AH01909: www.example.com:443:0 server certificate does NOT include an ID which matches the server name
[Thu Jan 28 15:17:53.396104 2021] [mpm_winnt:notice] [pid 9408:tid 584] AH00455: Apache/2.4.46 (Win64) OpenSSL/1.1.1g PHP/7.2.34 configured -- resuming normal operations
[Thu Jan 28 15:17:53.396104 2021] [mpm_winnt:notice] [pid 9408:tid 584] AH00456: Apache Lounge VC15 Server built: Aug  4 2020 11:50:23
[Thu Jan 28 15:17:53.396104 2021] [core:notice] [pid 9408:tid 584] AH00094: Command line: 'c:\\xampp\\apache\\bin\\httpd.exe -d C:/xampp/apache'
[Thu Jan 28 15:17:53.407573 2021] [mpm_winnt:notice] [pid 9408:tid 584] AH00418: Parent: Created child process 13180
[Thu Jan 28 15:17:54.292572 2021] [ssl:warn] [pid 13180:tid 532] AH01909: www.example.com:443:0 server certificate does NOT include an ID which matches the server name
[Thu Jan 28 15:17:54.394519 2021] [ssl:warn] [pid 13180:tid 532] AH01909: www.example.com:443:0 server certificate does NOT include an ID which matches the server name
[Thu Jan 28 15:17:54.450954 2021] [mpm_winnt:notice] [pid 13180:tid 532] AH00354: Child: Starting 150 worker threads.
[Fri Jan 29 23:44:44.374099 2021] [ssl:warn] [pid 5216:tid 616] AH01909: www.example.com:443:0 server certificate does NOT include an ID which matches the server name
[Fri Jan 29 23:44:44.467835 2021] [core:warn] [pid 5216:tid 616] AH00098: pid file C:/xampp/apache/logs/httpd.pid overwritten -- Unclean shutdown of previous Apache run?
[Fri Jan 29 23:44:44.483449 2021] [ssl:warn] [pid 5216:tid 616] AH01909: www.example.com:443:0 server certificate does NOT include an ID which matches the server name
[Fri Jan 29 23:44:44.930261 2021] [mpm_winnt:notice] [pid 5216:tid 616] AH00455: Apache/2.4.46 (Win64) OpenSSL/1.1.1g PHP/7.2.34 configured -- resuming normal operations
[Fri Jan 29 23:44:44.930261 2021] [mpm_winnt:notice] [pid 5216:tid 616] AH00456: Apache Lounge VC15 Server built: Aug  4 2020 11:50:23
[Fri Jan 29 23:44:44.930261 2021] [core:notice] [pid 5216:tid 616] AH00094: Command line: 'c:\\xampp\\apache\\bin\\httpd.exe -d C:/xampp/apache'
[Fri Jan 29 23:44:44.945886 2021] [mpm_winnt:notice] [pid 5216:tid 616] AH00418: Parent: Created child process 9452
[Fri Jan 29 23:44:45.543251 2021] [ssl:warn] [pid 9452:tid 636] AH01909: www.example.com:443:0 server certificate does NOT include an ID which matches the server name
[Fri Jan 29 23:44:45.605697 2021] [ssl:warn] [pid 9452:tid 636] AH01909: www.example.com:443:0 server certificate does NOT include an ID which matches the server name
[Fri Jan 29 23:44:45.652599 2021] [mpm_winnt:notice] [pid 9452:tid 636] AH00354: Child: Starting 150 worker threads.
[Sat Jan 30 08:15:09.672141 2021] [ssl:warn] [pid 1356:tid 612] AH01909: www.example.com:443:0 server certificate does NOT include an ID which matches the server name
[Sat Jan 30 08:15:09.758609 2021] [core:warn] [pid 1356:tid 612] AH00098: pid file C:/xampp/apache/logs/httpd.pid overwritten -- Unclean shutdown of previous Apache run?
[Sat Jan 30 08:15:09.772009 2021] [ssl:warn] [pid 1356:tid 612] AH01909: www.example.com:443:0 server certificate does NOT include an ID which matches the server name
[Sat Jan 30 08:15:09.829981 2021] [mpm_winnt:notice] [pid 1356:tid 612] AH00455: Apache/2.4.46 (Win64) OpenSSL/1.1.1g PHP/7.2.34 configured -- resuming normal operations
[Sat Jan 30 08:15:09.829981 2021] [mpm_winnt:notice] [pid 1356:tid 612] AH00456: Apache Lounge VC15 Server built: Aug  4 2020 11:50:23
[Sat Jan 30 08:15:09.829981 2021] [core:notice] [pid 1356:tid 612] AH00094: Command line: 'c:\\xampp\\apache\\bin\\httpd.exe -d C:/xampp/apache'
[Sat Jan 30 08:15:09.835615 2021] [mpm_winnt:notice] [pid 1356:tid 612] AH00418: Parent: Created child process 9932
[Sat Jan 30 08:15:10.622674 2021] [ssl:warn] [pid 9932:tid 600] AH01909: www.example.com:443:0 server certificate does NOT include an ID which matches the server name
[Sat Jan 30 08:15:10.717860 2021] [ssl:warn] [pid 9932:tid 600] AH01909: www.example.com:443:0 server certificate does NOT include an ID which matches the server name
[Sat Jan 30 08:15:10.776819 2021] [mpm_winnt:notice] [pid 9932:tid 600] AH00354: Child: Starting 150 worker threads.
[Sat Jan 30 09:19:35.079500 2021] [ssl:warn] [pid 3716:tid 664] AH01909: www.example.com:443:0 server certificate does NOT include an ID which matches the server name
[Sat Jan 30 09:19:35.157606 2021] [core:warn] [pid 3716:tid 664] AH00098: pid file C:/xampp/apache/logs/httpd.pid overwritten -- Unclean shutdown of previous Apache run?
[Sat Jan 30 09:19:35.157606 2021] [ssl:warn] [pid 3716:tid 664] AH01909: www.example.com:443:0 server certificate does NOT include an ID which matches the server name
[Sat Jan 30 09:19:35.220092 2021] [mpm_winnt:notice] [pid 3716:tid 664] AH00455: Apache/2.4.46 (Win64) OpenSSL/1.1.1g PHP/7.2.34 configured -- resuming normal operations
[Sat Jan 30 09:19:35.220092 2021] [mpm_winnt:notice] [pid 3716:tid 664] AH00456: Apache Lounge VC15 Server built: Aug  4 2020 11:50:23
[Sat Jan 30 09:19:35.220092 2021] [core:notice] [pid 3716:tid 664] AH00094: Command line: 'c:\\xampp\\apache\\bin\\httpd.exe -d C:/xampp/apache'
[Sat Jan 30 09:19:35.220092 2021] [mpm_winnt:notice] [pid 3716:tid 664] AH00418: Parent: Created child process 10224
[Sat Jan 30 09:19:35.844945 2021] [ssl:warn] [pid 10224:tid 568] AH01909: www.example.com:443:0 server certificate does NOT include an ID which matches the server name
[Sat Jan 30 09:19:35.923052 2021] [ssl:warn] [pid 10224:tid 568] AH01909: www.example.com:443:0 server certificate does NOT include an ID which matches the server name
[Sat Jan 30 09:19:35.969949 2021] [mpm_winnt:notice] [pid 10224:tid 568] AH00354: Child: Starting 150 worker threads.
[Tue Feb 09 10:18:13.504573 2021] [ssl:warn] [pid 3716:tid 620] AH01909: www.example.com:443:0 server certificate does NOT include an ID which matches the server name
[Tue Feb 09 10:18:13.611289 2021] [core:warn] [pid 3716:tid 620] AH00098: pid file C:/xampp/apache/logs/httpd.pid overwritten -- Unclean shutdown of previous Apache run?
[Tue Feb 09 10:18:13.620263 2021] [ssl:warn] [pid 3716:tid 620] AH01909: www.example.com:443:0 server certificate does NOT include an ID which matches the server name
[Tue Feb 09 10:18:13.708031 2021] [mpm_winnt:notice] [pid 3716:tid 620] AH00455: Apache/2.4.46 (Win64) OpenSSL/1.1.1g PHP/7.2.34 configured -- resuming normal operations
[Tue Feb 09 10:18:13.708031 2021] [mpm_winnt:notice] [pid 3716:tid 620] AH00456: Apache Lounge VC15 Server built: Aug  4 2020 11:50:23
[Tue Feb 09 10:18:13.708031 2021] [core:notice] [pid 3716:tid 620] AH00094: Command line: 'c:\\xampp\\apache\\bin\\httpd.exe -d C:/xampp/apache'
[Tue Feb 09 10:18:13.713018 2021] [mpm_winnt:notice] [pid 3716:tid 620] AH00418: Parent: Created child process 13860
[Tue Feb 09 10:18:14.418132 2021] [ssl:warn] [pid 13860:tid 644] AH01909: www.example.com:443:0 server certificate does NOT include an ID which matches the server name
[Tue Feb 09 10:18:14.501906 2021] [ssl:warn] [pid 13860:tid 644] AH01909: www.example.com:443:0 server certificate does NOT include an ID which matches the server name
[Tue Feb 09 10:18:14.552774 2021] [mpm_winnt:notice] [pid 13860:tid 644] AH00354: Child: Starting 150 worker threads.
[Mon Feb 15 18:17:37.576050 2021] [ssl:warn] [pid 7764:tid 608] AH01909: www.example.com:443:0 server certificate does NOT include an ID which matches the server name
[Mon Feb 15 18:17:37.701022 2021] [core:warn] [pid 7764:tid 608] AH00098: pid file C:/xampp/apache/logs/httpd.pid overwritten -- Unclean shutdown of previous Apache run?
[Mon Feb 15 18:17:37.701022 2021] [ssl:warn] [pid 7764:tid 608] AH01909: www.example.com:443:0 server certificate does NOT include an ID which matches the server name
[Mon Feb 15 18:17:38.406061 2021] [mpm_winnt:notice] [pid 7764:tid 608] AH00455: Apache/2.4.46 (Win64) OpenSSL/1.1.1g PHP/7.2.34 configured -- resuming normal operations
[Mon Feb 15 18:17:38.406061 2021] [mpm_winnt:notice] [pid 7764:tid 608] AH00456: Apache Lounge VC15 Server built: Aug  4 2020 11:50:23
[Mon Feb 15 18:17:38.406061 2021] [core:notice] [pid 7764:tid 608] AH00094: Command line: 'c:\\xampp\\apache\\bin\\httpd.exe -d C:/xampp/apache'
[Mon Feb 15 18:17:38.406061 2021] [mpm_winnt:notice] [pid 7764:tid 608] AH00418: Parent: Created child process 2152
[Mon Feb 15 18:17:39.081174 2021] [ssl:warn] [pid 2152:tid 160] AH01909: www.example.com:443:0 server certificate does NOT include an ID which matches the server name
[Mon Feb 15 18:17:39.161052 2021] [ssl:warn] [pid 2152:tid 160] AH01909: www.example.com:443:0 server certificate does NOT include an ID which matches the server name
[Mon Feb 15 18:17:39.216983 2021] [mpm_winnt:notice] [pid 2152:tid 160] AH00354: Child: Starting 150 worker threads.
[Tue Feb 16 10:11:45.845573 2021] [ssl:warn] [pid 10044:tid 632] AH01909: www.example.com:443:0 server certificate does NOT include an ID which matches the server name
[Tue Feb 16 10:11:45.939301 2021] [core:warn] [pid 10044:tid 632] AH00098: pid file C:/xampp/apache/logs/httpd.pid overwritten -- Unclean shutdown of previous Apache run?
[Tue Feb 16 10:11:45.939301 2021] [ssl:warn] [pid 10044:tid 632] AH01909: www.example.com:443:0 server certificate does NOT include an ID which matches the server name
[Tue Feb 16 10:11:46.361076 2021] [mpm_winnt:notice] [pid 10044:tid 632] AH00455: Apache/2.4.46 (Win64) OpenSSL/1.1.1g PHP/7.2.34 configured -- resuming normal operations
[Tue Feb 16 10:11:46.361076 2021] [mpm_winnt:notice] [pid 10044:tid 632] AH00456: Apache Lounge VC15 Server built: Aug  4 2020 11:50:23
[Tue Feb 16 10:11:46.361076 2021] [core:notice] [pid 10044:tid 632] AH00094: Command line: 'c:\\xampp\\apache\\bin\\httpd.exe -d C:/xampp/apache'
[Tue Feb 16 10:11:46.376699 2021] [mpm_winnt:notice] [pid 10044:tid 632] AH00418: Parent: Created child process 7576
[Tue Feb 16 10:11:47.032794 2021] [ssl:warn] [pid 7576:tid 180] AH01909: www.example.com:443:0 server certificate does NOT include an ID which matches the server name
[Tue Feb 16 10:11:47.110900 2021] [ssl:warn] [pid 7576:tid 180] AH01909: www.example.com:443:0 server certificate does NOT include an ID which matches the server name
[Tue Feb 16 10:11:47.142143 2021] [mpm_winnt:notice] [pid 7576:tid 180] AH00354: Child: Starting 150 worker threads.
[Sun Feb 28 18:14:56.640297 2021] [ssl:warn] [pid 8144:tid 708] AH01909: www.example.com:443:0 server certificate does NOT include an ID which matches the server name
[Sun Feb 28 18:14:56.729703 2021] [core:warn] [pid 8144:tid 708] AH00098: pid file C:/xampp/apache/logs/httpd.pid overwritten -- Unclean shutdown of previous Apache run?
[Sun Feb 28 18:14:56.739712 2021] [ssl:warn] [pid 8144:tid 708] AH01909: www.example.com:443:0 server certificate does NOT include an ID which matches the server name
[Sun Feb 28 18:14:57.191210 2021] [mpm_winnt:notice] [pid 8144:tid 708] AH00455: Apache/2.4.46 (Win64) OpenSSL/1.1.1g PHP/7.2.34 configured -- resuming normal operations
[Sun Feb 28 18:14:57.191210 2021] [mpm_winnt:notice] [pid 8144:tid 708] AH00456: Apache Lounge VC15 Server built: Aug  4 2020 11:50:23
[Sun Feb 28 18:14:57.191210 2021] [core:notice] [pid 8144:tid 708] AH00094: Command line: 'c:\\xampp\\apache\\bin\\httpd.exe -d C:/xampp/apache'
[Sun Feb 28 18:14:57.195201 2021] [mpm_winnt:notice] [pid 8144:tid 708] AH00418: Parent: Created child process 10996
[Sun Feb 28 18:14:57.936224 2021] [ssl:warn] [pid 10996:tid 644] AH01909: www.example.com:443:0 server certificate does NOT include an ID which matches the server name
[Sun Feb 28 18:14:58.020557 2021] [ssl:warn] [pid 10996:tid 644] AH01909: www.example.com:443:0 server certificate does NOT include an ID which matches the server name
[Sun Feb 28 18:14:58.093363 2021] [mpm_winnt:notice] [pid 10996:tid 644] AH00354: Child: Starting 150 worker threads.
[Wed Mar 03 13:34:26.991906 2021] [ssl:warn] [pid 2604:tid 628] AH01909: www.example.com:443:0 server certificate does NOT include an ID which matches the server name
[Wed Mar 03 13:34:27.134556 2021] [core:warn] [pid 2604:tid 628] AH00098: pid file C:/xampp/apache/logs/httpd.pid overwritten -- Unclean shutdown of previous Apache run?
[Wed Mar 03 13:34:27.147519 2021] [ssl:warn] [pid 2604:tid 628] AH01909: www.example.com:443:0 server certificate does NOT include an ID which matches the server name
[Wed Mar 03 13:34:27.650224 2021] [mpm_winnt:notice] [pid 2604:tid 628] AH00455: Apache/2.4.46 (Win64) OpenSSL/1.1.1g PHP/7.2.34 configured -- resuming normal operations
[Wed Mar 03 13:34:27.650224 2021] [mpm_winnt:notice] [pid 2604:tid 628] AH00456: Apache Lounge VC15 Server built: Aug  4 2020 11:50:23
[Wed Mar 03 13:34:27.650224 2021] [core:notice] [pid 2604:tid 628] AH00094: Command line: 'c:\\xampp\\apache\\bin\\httpd.exe -d C:/xampp/apache'
[Wed Mar 03 13:34:27.656209 2021] [mpm_winnt:notice] [pid 2604:tid 628] AH00418: Parent: Created child process 2196
[Wed Mar 03 13:34:28.581735 2021] [ssl:warn] [pid 2196:tid 780] AH01909: www.example.com:443:0 server certificate does NOT include an ID which matches the server name
[Wed Mar 03 13:34:28.692437 2021] [ssl:warn] [pid 2196:tid 780] AH01909: www.example.com:443:0 server certificate does NOT include an ID which matches the server name
[Wed Mar 03 13:34:28.740309 2021] [mpm_winnt:notice] [pid 2196:tid 780] AH00354: Child: Starting 150 worker threads.
[Thu Mar 04 02:16:40.489854 2021] [ssl:warn] [pid 1176:tid 648] AH01909: www.example.com:443:0 server certificate does NOT include an ID which matches the server name
[Thu Mar 04 02:16:40.604627 2021] [core:warn] [pid 1176:tid 648] AH00098: pid file C:/xampp/apache/logs/httpd.pid overwritten -- Unclean shutdown of previous Apache run?
[Thu Mar 04 02:16:40.617592 2021] [ssl:warn] [pid 1176:tid 648] AH01909: www.example.com:443:0 server certificate does NOT include an ID which matches the server name
[Thu Mar 04 02:16:41.128180 2021] [mpm_winnt:notice] [pid 1176:tid 648] AH00455: Apache/2.4.46 (Win64) OpenSSL/1.1.1g PHP/7.2.34 configured -- resuming normal operations
[Thu Mar 04 02:16:41.128180 2021] [mpm_winnt:notice] [pid 1176:tid 648] AH00456: Apache Lounge VC15 Server built: Aug  4 2020 11:50:23
[Thu Mar 04 02:16:41.128180 2021] [core:notice] [pid 1176:tid 648] AH00094: Command line: 'c:\\xampp\\apache\\bin\\httpd.exe -d C:/xampp/apache'
[Thu Mar 04 02:16:41.132169 2021] [mpm_winnt:notice] [pid 1176:tid 648] AH00418: Parent: Created child process 2164
[Thu Mar 04 02:16:41.791002 2021] [ssl:warn] [pid 2164:tid 628] AH01909: www.example.com:443:0 server certificate does NOT include an ID which matches the server name
[Thu Mar 04 02:16:41.870052 2021] [ssl:warn] [pid 2164:tid 628] AH01909: www.example.com:443:0 server certificate does NOT include an ID which matches the server name
[Thu Mar 04 02:16:41.967039 2021] [mpm_winnt:notice] [pid 2164:tid 628] AH00354: Child: Starting 150 worker threads.
[Wed May 19 17:33:47.022439 2021] [ssl:warn] [pid 5652:tid 568] AH01909: www.example.com:443:0 server certificate does NOT include an ID which matches the server name
[Wed May 19 17:33:47.134161 2021] [core:warn] [pid 5652:tid 568] AH00098: pid file C:/xampp/apache/logs/httpd.pid overwritten -- Unclean shutdown of previous Apache run?
[Wed May 19 17:33:47.139148 2021] [ssl:warn] [pid 5652:tid 568] AH01909: www.example.com:443:0 server certificate does NOT include an ID which matches the server name
[Wed May 19 17:33:47.797967 2021] [mpm_winnt:notice] [pid 5652:tid 568] AH00455: Apache/2.4.46 (Win64) OpenSSL/1.1.1g PHP/7.2.34 configured -- resuming normal operations
[Wed May 19 17:33:47.797967 2021] [mpm_winnt:notice] [pid 5652:tid 568] AH00456: Apache Lounge VC15 Server built: Aug  4 2020 11:50:23
[Wed May 19 17:33:47.797967 2021] [core:notice] [pid 5652:tid 568] AH00094: Command line: 'c:\\xampp\\apache\\bin\\httpd.exe -d C:/xampp/apache'
[Wed May 19 17:33:47.801957 2021] [mpm_winnt:notice] [pid 5652:tid 568] AH00418: Parent: Created child process 14764
[Wed May 19 17:33:48.448500 2021] [ssl:warn] [pid 14764:tid 572] AH01909: www.example.com:443:0 server certificate does NOT include an ID which matches the server name
[Wed May 19 17:33:48.517316 2021] [ssl:warn] [pid 14764:tid 572] AH01909: www.example.com:443:0 server certificate does NOT include an ID which matches the server name
[Wed May 19 17:33:48.571171 2021] [mpm_winnt:notice] [pid 14764:tid 572] AH00354: Child: Starting 150 worker threads.
